<?xml version="1.0" encoding="UTF-8"?>
<!-- Generated by org.testng.reporters.JUnitReportReporter -->
<testsuite skipped="0" hostname="bablukumar" name="phfi.Execution.executionclass" tests="1" failures="0" timestamp="09 Oct 2018 06:50:52 GMT" time="13.395" errors="0">
  <testcase name="RunCMDBatch_Method" time="13.395" classname="phfi.Execution.executionclass"/>
</testsuite> <!-- phfi.Execution.executionclass -->
