<?xml version="1.0" encoding="UTF-8"?>
<!-- Generated by org.testng.reporters.JUnitReportReporter -->
<testsuite skipped="0" hostname="bablukumar" name="phfi.Execution.ScreenShotsExecution" tests="1" failures="0" timestamp="09 Oct 2018 07:28:15 GMT" time="47.152" errors="0">
  <testcase name="RunCMDBatch_Method" time="47.152" classname="phfi.Execution.ScreenShotsExecution"/>
</testsuite> <!-- phfi.Execution.ScreenShotsExecution -->
