<?xml version="1.0" encoding="UTF-8"?>
<!-- Generated by org.testng.reporters.JUnitReportReporter -->
<testsuite skipped="0" hostname="bablukumar" name="phfi.Execution.executionclass" tests="1" failures="0" timestamp="31 Aug 2018 13:38:48 GMT" time="39.634" errors="0">
  <testcase name="takescreenshots_Method" time="39.634" classname="phfi.Execution.executionclass"/>
</testsuite> <!-- phfi.Execution.executionclass -->
