<?xml version="1.0" encoding="UTF-8"?>
<!-- Generated by org.testng.reporters.JUnitReportReporter -->
<testsuite skipped="0" hostname="BabluKumarPrasa" name="phfi.Execution.DMSUploadExecution" tests="1" failures="0" timestamp="12 Nov 2018 04:50:55 GMT" time="199.300" errors="0">
  <testcase name="DMSUploadDatav3_M" time="199.300" classname="phfi.Execution.DMSUploadExecution"/>
</testsuite> <!-- phfi.Execution.DMSUploadExecution -->
